[2019-12-17 01:06:40 +0000] [30365] [INFO] Starting gunicorn 19.9.0
[2019-12-17 01:06:40 +0000] [30365] [INFO] Listening at: http://0.0.0.0:8080 (30365)
[2019-12-17 01:06:40 +0000] [30365] [INFO] Using worker: sync
[2019-12-17 01:06:40 +0000] [30368] [INFO] Booting worker with pid: 30368
USED THREADS 1
ANALYZING CHROMOSOME chrM (Total progress: 1.3%)
ANALYZING CHROMOSOME chr8 (Total progress: 2.7%)
ANALYZING CHROMOSOME chr3 (Total progress: 4.0%)
ANALYZING CHROMOSOME chr2 (Total progress: 5.3%)
ANALYZING CHROMOSOME chr16 (Total progress: 6.7%)
ANALYZING CHROMOSOME chr22 (Total progress: 8.0%)
ANALYZING CHROMOSOME chr17 (Total progress: 9.3%)
ANALYZING CHROMOSOME chr1 (Total progress: 10.7%)
ANALYZING CHROMOSOME chr7 (Total progress: 12.0%)
ANALYZING CHROMOSOME chr6 (Total progress: 13.3%)
ANALYZING CHROMOSOME chrY (Total progress: 14.7%)
ANALYZING CHROMOSOME chr4 (Total progress: 16.0%)
ANALYZING CHROMOSOME chr20 (Total progress: 17.3%)
ANALYZING CHROMOSOME chr18 (Total progress: 18.7%)
ANALYZING CHROMOSOME chr5 (Total progress: 20.0%)
ANALYZING CHROMOSOME chr9 (Total progress: 21.3%)
ANALYZING CHROMOSOME chr19 (Total progress: 22.7%)
ANALYZING CHROMOSOME chr12 (Total progress: 24.0%)
ANALYZING CHROMOSOME chr21 (Total progress: 25.3%)
ANALYZING CHROMOSOME chrX (Total progress: 26.7%)
ANALYZING CHROMOSOME chr13 (Total progress: 28.0%)
ANALYZING CHROMOSOME chrX (Total progress: 29.3%)
ANALYZING CHROMOSOME chr15 (Total progress: 30.7%)
ANALYZING CHROMOSOME chrX (Total progress: 32.0%)
ANALYZING CHROMOSOME chr7 (Total progress: 33.3%)
ANALYZING CHROMOSOME chr1 (Total progress: 34.7%)
ANALYZING CHROMOSOME chr1 (Total progress: 36.0%)
ANALYZING CHROMOSOME chr1 (Total progress: 37.3%)
ANALYZING CHROMOSOME chr14 (Total progress: 38.7%)
ANALYZING CHROMOSOME chr17 (Total progress: 40.0%)
ANALYZING CHROMOSOME chr19 (Total progress: 41.3%)
ANALYZING CHROMOSOME chr10 (Total progress: 42.7%)
ANALYZING CHROMOSOME chr1 (Total progress: 44.0%)
ANALYZING CHROMOSOME chr1 (Total progress: 45.3%)
ANALYZING CHROMOSOME chr2 (Total progress: 46.7%)
ANALYZING CHROMOSOME chr5 (Total progress: 48.0%)
ANALYZING CHROMOSOME chr3 (Total progress: 49.3%)
ANALYZING CHROMOSOME chr6 (Total progress: 50.7%)
ANALYZING CHROMOSOME chr17 (Total progress: 52.0%)
ANALYZING CHROMOSOME chr9 (Total progress: 53.3%)
ANALYZING CHROMOSOME chr2 (Total progress: 54.7%)
ANALYZING CHROMOSOME chr4 (Total progress: 56.0%)
ANALYZING CHROMOSOME chr2 (Total progress: 57.3%)
ANALYZING CHROMOSOME chr12 (Total progress: 58.7%)
ANALYZING CHROMOSOME chr7 (Total progress: 60.0%)
ANALYZING CHROMOSOME chr10 (Total progress: 61.3%)
ANALYZING CHROMOSOME chr16 (Total progress: 62.7%)
ANALYZING CHROMOSOME chr9 (Total progress: 64.0%)
ANALYZING CHROMOSOME chr8 (Total progress: 65.3%)
ANALYZING CHROMOSOME chr11 (Total progress: 66.7%)
ANALYZING CHROMOSOME chr2 (Total progress: 68.0%)
ANALYZING CHROMOSOME chr15 (Total progress: 69.3%)
ANALYZING CHROMOSOME chr5 (Total progress: 70.7%)
ANALYZING CHROMOSOME chr4 (Total progress: 72.0%)
ANALYZING CHROMOSOME chr16 (Total progress: 73.3%)
ANALYZING CHROMOSOME chr3 (Total progress: 74.7%)
ANALYZING CHROMOSOME chr12 (Total progress: 76.0%)
ANALYZING CHROMOSOME chr7 (Total progress: 77.3%)
ANALYZING CHROMOSOME chr6 (Total progress: 78.7%)
ANALYZING CHROMOSOME chr3 (Total progress: 80.0%)
ANALYZING CHROMOSOME chr2 (Total progress: 81.3%)
ANALYZING CHROMOSOME chr5 (Total progress: 82.7%)
ANALYZING CHROMOSOME chr22 (Total progress: 84.0%)
ANALYZING CHROMOSOME chr4 (Total progress: 85.3%)
ANALYZING CHROMOSOME chr3 (Total progress: 86.7%)
ANALYZING CHROMOSOME chr10 (Total progress: 88.0%)
ANALYZING CHROMOSOME chr18 (Total progress: 89.3%)
ANALYZING CHROMOSOME chr11 (Total progress: 90.7%)
ANALYZING CHROMOSOME chr11 (Total progress: 92.0%)
ANALYZING CHROMOSOME chr14 (Total progress: 93.3%)
ANALYZING CHROMOSOME chr8 (Total progress: 94.7%)
ANALYZING CHROMOSOME chr6 (Total progress: 96.0%)
ANALYZING CHROMOSOME chr20 (Total progress: 97.3%)
ANALYZING CHROMOSOME chr13 (Total progress: 98.7%)
ANALYZING CHROMOSOME chr8 (Total progress: 100.0%)
-----------------------
TOTAL TIME:	607.2
Search START
Search END
Search runtime: 607.4056079387665 seconds
USED THREADS 1
ANALYZING CHROMOSOME chr16 (Total progress: 1.4%)
ANALYZING CHROMOSOME chrM (Total progress: 2.8%)
ANALYZING CHROMOSOME chr22 (Total progress: 4.2%)
ANALYZING CHROMOSOME chr17 (Total progress: 5.6%)
ANALYZING CHROMOSOME chr7 (Total progress: 7.0%)
ANALYZING CHROMOSOME chr6 (Total progress: 8.5%)
ANALYZING CHROMOSOME chr4 (Total progress: 9.9%)
ANALYZING CHROMOSOME chr5 (Total progress: 11.3%)
ANALYZING CHROMOSOME chrY (Total progress: 12.7%)
ANALYZING CHROMOSOME chr20 (Total progress: 14.1%)
ANALYZING CHROMOSOME chr18 (Total progress: 15.5%)
ANALYZING CHROMOSOME chr9 (Total progress: 16.9%)
ANALYZING CHROMOSOME chr19 (Total progress: 18.3%)
ANALYZING CHROMOSOME chr12 (Total progress: 19.7%)
ANALYZING CHROMOSOME chr13 (Total progress: 21.1%)
ANALYZING CHROMOSOME chr2 (Total progress: 22.5%)
ANALYZING CHROMOSOME chr15 (Total progress: 23.9%)
ANALYZING CHROMOSOME chr21 (Total progress: 25.4%)
ANALYZING CHROMOSOME chr10 (Total progress: 26.8%)
ANALYZING CHROMOSOME chr3 (Total progress: 28.2%)
ANALYZING CHROMOSOME chr14 (Total progress: 29.6%)
ANALYZING CHROMOSOME chr8 (Total progress: 31.0%)
ANALYZING CHROMOSOME chr11 (Total progress: 32.4%)
ANALYZING CHROMOSOME chrX (Total progress: 33.8%)
ANALYZING CHROMOSOME chr1 (Total progress: 35.2%)
ANALYZING CHROMOSOME chr7 (Total progress: 36.6%)
ANALYZING CHROMOSOME chr1 (Total progress: 38.0%)
ANALYZING CHROMOSOME chrX (Total progress: 39.4%)
ANALYZING CHROMOSOME chr1 (Total progress: 40.8%)
ANALYZING CHROMOSOME chr1 (Total progress: 42.3%)
ANALYZING CHROMOSOME chr19 (Total progress: 43.7%)
ANALYZING CHROMOSOME chr7 (Total progress: 45.1%)
ANALYZING CHROMOSOME chr3 (Total progress: 46.5%)
ANALYZING CHROMOSOME chr17 (Total progress: 47.9%)
ANALYZING CHROMOSOME chr4 (Total progress: 49.3%)
ANALYZING CHROMOSOME chr17 (Total progress: 50.7%)
ANALYZING CHROMOSOME chr5 (Total progress: 52.1%)
ANALYZING CHROMOSOME chr5 (Total progress: 53.5%)
ANALYZING CHROMOSOME chr2 (Total progress: 54.9%)
ANALYZING CHROMOSOME chr2 (Total progress: 56.3%)
ANALYZING CHROMOSOME chr6 (Total progress: 57.7%)
ANALYZING CHROMOSOME chr9 (Total progress: 59.2%)
ANALYZING CHROMOSOME chrX (Total progress: 60.6%)
ANALYZING CHROMOSOME chr4 (Total progress: 62.0%)
ANALYZING CHROMOSOME chr2 (Total progress: 63.4%)
ANALYZING CHROMOSOME chr12 (Total progress: 64.8%)
ANALYZING CHROMOSOME chr16 (Total progress: 66.2%)
ANALYZING CHROMOSOME chr16 (Total progress: 67.6%)
ANALYZING CHROMOSOME chr8 (Total progress: 69.0%)
ANALYZING CHROMOSOME chr6 (Total progress: 70.4%)
ANALYZING CHROMOSOME chr10 (Total progress: 71.8%)
ANALYZING CHROMOSOME chr9 (Total progress: 73.2%)
ANALYZING CHROMOSOME chr1 (Total progress: 74.6%)
ANALYZING CHROMOSOME chr11 (Total progress: 76.1%)
ANALYZING CHROMOSOME chr3 (Total progress: 77.5%)
ANALYZING CHROMOSOME chr15 (Total progress: 78.9%)
ANALYZING CHROMOSOME chr7 (Total progress: 80.3%)
ANALYZING CHROMOSOME chr2 (Total progress: 81.7%)
ANALYZING CHROMOSOME chr12 (Total progress: 83.1%)
ANALYZING CHROMOSOME chr22 (Total progress: 84.5%)
ANALYZING CHROMOSOME chr5 (Total progress: 85.9%)
ANALYZING CHROMOSOME chr10 (Total progress: 87.3%)
ANALYZING CHROMOSOME chr4 (Total progress: 88.7%)
ANALYZING CHROMOSOME chr3 (Total progress: 90.1%)
ANALYZING CHROMOSOME chr14 (Total progress: 91.5%)
ANALYZING CHROMOSOME chr11 (Total progress: 93.0%)
ANALYZING CHROMOSOME chr18 (Total progress: 94.4%)
ANALYZING CHROMOSOME chr8 (Total progress: 95.8%)
ANALYZING CHROMOSOME chr6 (Total progress: 97.2%)
ANALYZING CHROMOSOME chr20 (Total progress: 98.6%)
ANALYZING CHROMOSOME chr13 (Total progress: 100.0%)
-----------------------
TOTAL TIME:	318.1
Search START
Search END
Search runtime: 318.22112584114075 seconds
Start creation semicommon, common, unique
End creation semicommon, common, unique
Start cluster common
Created 'Total' and 'Position Cluster' columns: 0.3278789520263672
Targets sorted: 0.06552815437316895
Start clustering
Clustering runtime: 0.3014347553253174 seconds
End cluster common
Start top1 extraction common
End top1 extraction common
Start cluster semicommon
Created 'Total' and 'Position Cluster' columns: 1.3699135780334473
Targets sorted: 0.3175668716430664
Start clustering
Clustering runtime: 1.4406418800354004 seconds
End cluster semicommon
Start cluster unique
Created 'Total' and 'Position Cluster' columns: 0.28539299964904785
Targets sorted: 0.06678318977355957
Start clustering
Clustering runtime: 0.3378934860229492 seconds
End cluster unique
Start pam analysis
End pam analysis
Start pam creation
Created bedfile: 0.1715555191040039
Bedtools DONE: 1.694051742553711
Done 0.27881431579589844
End pam creation
Start cluster of total.txt
Loaded targets:  1.3996264934539795
Targets sorted: 0.1468815803527832
Start clustering
Clustering runtime: 1.5432913303375244 seconds
End cluster of total.txt
Start extract top1 total.txt
End extract top1 total.txt
Start Scoring
End Scoring
Start summary by guide and position
End summary by guide and position
Start sort
End sort
Start calc samples
Done  no
Load chr1 done 27.679855585098267
Done  chr1
Load chr10 done 17.968194484710693
Done  chr10
Load chr11 done 23.703238248825073
Done  chr11
Load chr12 done 22.92855167388916
Done  chr12
Load chr13 done 17.441725254058838
Done  chr13
Load chr14 done 15.076019763946533
Done  chr14
Load chr15 done 13.70097827911377
Done  chr15
Load chr16 done 13.43597412109375
Done  chr16
Load chr17 done 11.60623574256897
Done  chr17
Load chr18 done 12.381903648376465
Done  chr18
Load chr19 done 10.465556144714355
Done  chr19
Load chr2 done 28.48353672027588
Done  chr2
Load chr20 done 10.30086064338684
Done  chr20
Load chr21 done 5.7844460010528564
Done  chr21
Load chr22 done 5.780579566955566
Done  chr22
Load chr3 done 31.925904035568237
Done  chr3
Load chr4 done 35.28817391395569
Done  chr4
Load chr5 done 21.438197374343872
Done  chr5
Load chr6 done 30.38574719429016
Done  chr6
Load chr7 done 27.633914947509766
Done  chr7
Load chr8 done 25.063833951950073
Done  chr8
Load chr9 done 20.961055755615234
Done  chr9
Load chrX done 1.0332236289978027
Done
0
End calc samples
Start summary by samples
End summary by samples
Start creating final file
End creating final file
Start Annotation
READING INPUT FILES
EXECUTING PRELIMINARY OPERATIONS
PRELIMINARY OPERATIONS COMPLETED IN: 46.27464032173157 seconds
EXECUTING ANNOTATION
Annotation: Total progress 10.0%
Annotation: Total progress 20.0%
Annotation: Total progress 30.0%
Annotation: Total progress 40.0%
Annotation: Total progress 50.0%
Annotation: Total progress 60.0%
Annotation: Total progress 70.0%
Annotation: Total progress 79.99%
Annotation: Total progress 89.99%
Annotation: Total progress 99.99%
Annotation: Total progress 100%
ANNOTATION COMPLETED IN: 63.47268867492676 seconds
Annotation START
Annotation END
Annotation runtime: 113.19887590408325 seconds
End Annotation
USED THREADS 8
ANALYZING CHROMOSOME chr8 (Total progress: 3.7%)
ANALYZING CHROMOSOME chr4 (Total progress: 7.4%)
ANALYZING CHROMOSOME chr14 (Total progress: 11.1%)
ANALYZING CHROMOSOME chrY (Total progress: 14.8%)
ANALYZING CHROMOSOME chr7 (Total progress: 18.5%)
ANALYZING CHROMOSOME chr7 (Total progress: 22.2%)
ANALYZING CHROMOSOME chr1 (Total progress: 25.9%)
ANALYZING CHROMOSOME chr1 (Total progress: 29.6%)
ANALYZING CHROMOSOME chr6 (Total progress: 33.3%)
ANALYZING CHROMOSOME chr21 (Total progress: 37.0%)
ANALYZING CHROMOSOME chr16 (Total progress: 40.7%)
ANALYZING CHROMOSOME chr11 (Total progress: 44.4%)
ANALYZING CHROMOSOME chr2 (Total progress: 48.1%)
ANALYZING CHROMOSOME chr3 (Total progress: 51.9%)
ANALYZING CHROMOSOME chr22 (Total progress: 55.6%)
ANALYZING CHROMOSOME chr17 (Total progress: 59.3%)
ANALYZING CHROMOSOME chr20 (Total progress: 63.0%)
ANALYZING CHROMOSOME chr5 (Total progress: 66.7%)
ANALYZING CHROMOSOME chr13 (Total progress: 70.4%)
ANALYZING CHROMOSOME chr18 (Total progress: 74.1%)
ANALYZING CHROMOSOME chr9 (Total progress: 77.8%)
ANALYZING CHROMOSOME chrX (Total progress: 81.5%)
ANALYZING CHROMOSOME chr12 (Total progress: 85.2%)
ANALYZING CHROMOSOME chr15 (Total progress: 88.9%)
ANALYZING CHROMOSOME chrM (Total progress: 92.6%)
ANALYZING CHROMOSOME chr19 (Total progress: 96.3%)
ANALYZING CHROMOSOME chr10 (Total progress: 100.0%)
TOTAL TIME: 25.2
Search START
Search END
Search runtime: 25.398982286453247 seconds
Start cluster var
Created 'Total' and 'Position Cluster' columns: 0.002979755401611328
Targets sorted: 0.0002243518829345703
Start clustering
Clustering runtime: 0.0017092227935791016 seconds
End cluster var
Start extraction top1 var
End extraction top1 var
Start Scoring
End Scoring
Start pam analysis
End pam analysis
Start extract top1
End extract top1
Start sort
End sort
Start calc samples
Done  no
Load chr1 done 27.981256246566772
Done  chr1
Load chr10 done 17.370155096054077
Done  chr10
Load chr11 done 23.562032461166382
Done  chr11
Load chr12 done 22.26257634162903
Done  chr12
Load chr13 done 16.985754251480103
Done  chr13
Load chr14 done 14.317042350769043
Done  chr14
Load chr15 done 13.029855251312256
Done  chr15
Load chr16 done 14.03230881690979
Done  chr16
Load chr17 done 13.131138801574707
Done  chr17
Load chr18 done 13.00979495048523
Done  chr18
Load chr19 done 10.018303394317627
Done  chr19
Load chr2 done 35.2834689617157
Done  chr2
Load chr20 done 10.744081735610962
Done  chr20
Load chr21 done 6.20148777961731
Done  chr21
Load chr22 done 5.391715049743652
Done  chr22
Load chr3 done 33.4516396522522
Done  chr3
Load chr4 done 35.55646467208862
Done  chr4
Load chr5 done 27.43236780166626
Done  chr5
Load chr6 done 31.28310799598694
Done  chr6
Load chr7 done 26.087549448013306
Done  chr7
Load chr8 done 25.43423843383789
Done  chr8
Load chr9 done 19.81111979484558
Done  chr9
Load chrX done 1.055021047592163
Done
0
End calc samples
Start summary by samples
End summary by samples
Start creating final file
End creating final file
Start Annotation
READING INPUT FILES
EXECUTING PRELIMINARY OPERATIONS
PRELIMINARY OPERATIONS COMPLETED IN: 46.617615699768066 seconds
EXECUTING ANNOTATION
Annotation: Total progress 9.96%
Annotation: Total progress 19.91%
Annotation: Total progress 29.87%
Annotation: Total progress 39.83%
Annotation: Total progress 49.78%
Annotation: Total progress 59.74%
Annotation: Total progress 69.7%
Annotation: Total progress 79.65%
Annotation: Total progress 89.61%
Annotation: Total progress 99.57%
Annotation: Total progress 100%
ANNOTATION COMPLETED IN: 0.3375520706176758 seconds
Annotation START
Annotation END
Annotation runtime: 50.063111543655396 seconds
End Annotation
USED THREADS 8
ANALYZING CHROMOSOME chr19 (Total progress: 2.0%)
ANALYZING CHROMOSOME chr20 (Total progress: 4.0%)
ANALYZING CHROMOSOME chr20 (Total progress: 6.0%)
ANALYZING CHROMOSOME chrY (Total progress: 8.0%)
ANALYZING CHROMOSOME chr7 (Total progress: 10.0%)
ANALYZING CHROMOSOME chr5 (Total progress: 12.0%)
ANALYZING CHROMOSOME chr22 (Total progress: 14.0%)
ANALYZING CHROMOSOME chr22 (Total progress: 16.0%)
ANALYZING CHROMOSOME chr22 (Total progress: 18.0%)
ANALYZING CHROMOSOME chrX (Total progress: 20.0%)
ANALYZING CHROMOSOME chr6 (Total progress: 22.0%)
ANALYZING CHROMOSOME chr8 (Total progress: 24.0%)
ANALYZING CHROMOSOME chr3 (Total progress: 26.0%)
ANALYZING CHROMOSOME chr3 (Total progress: 28.0%)
ANALYZING CHROMOSOME chr3 (Total progress: 30.0%)
ANALYZING CHROMOSOME chr3 (Total progress: 32.0%)
ANALYZING CHROMOSOME chr14 (Total progress: 34.0%)
ANALYZING CHROMOSOME chr14 (Total progress: 36.0%)
ANALYZING CHROMOSOME chr14 (Total progress: 38.0%)
ANALYZING CHROMOSOME chr16 (Total progress: 40.0%)
ANALYZING CHROMOSOME chr1 (Total progress: 42.0%)
ANALYZING CHROMOSOME chr1 (Total progress: 44.0%)
ANALYZING CHROMOSOME chr21 (Total progress: 46.0%)
ANALYZING CHROMOSOME chr21 (Total progress: 48.0%)
ANALYZING CHROMOSOME chr21 (Total progress: 50.0%)
ANALYZING CHROMOSOME chr21 (Total progress: 52.0%)
ANALYZING CHROMOSOME chr21 (Total progress: 54.0%)
ANALYZING CHROMOSOME chr21 (Total progress: 56.0%)
ANALYZING CHROMOSOME chr11 (Total progress: 58.0%)
ANALYZING CHROMOSOME chr12 (Total progress: 60.0%)
ANALYZING CHROMOSOME chr12 (Total progress: 62.0%)
ANALYZING CHROMOSOME chr2 (Total progress: 64.0%)
ANALYZING CHROMOSOME chr17 (Total progress: 66.0%)
ANALYZING CHROMOSOME chr17 (Total progress: 68.0%)
ANALYZING CHROMOSOME chr10 (Total progress: 70.0%)
ANALYZING CHROMOSOME chr10 (Total progress: 72.0%)
ANALYZING CHROMOSOME chr15 (Total progress: 74.0%)
ANALYZING CHROMOSOME chr15 (Total progress: 76.0%)
ANALYZING CHROMOSOME chr13 (Total progress: 78.0%)
ANALYZING CHROMOSOME chr13 (Total progress: 80.0%)
ANALYZING CHROMOSOME chr13 (Total progress: 82.0%)
ANALYZING CHROMOSOME chr9 (Total progress: 84.0%)
ANALYZING CHROMOSOME chrM (Total progress: 86.0%)
ANALYZING CHROMOSOME chr4 (Total progress: 88.0%)
ANALYZING CHROMOSOME chr4 (Total progress: 90.0%)
ANALYZING CHROMOSOME chr4 (Total progress: 92.0%)
ANALYZING CHROMOSOME chr4 (Total progress: 94.0%)
ANALYZING CHROMOSOME chr4 (Total progress: 96.0%)
ANALYZING CHROMOSOME chr4 (Total progress: 98.0%)
ANALYZING CHROMOSOME chr18 (Total progress: 100.0%)
TOTAL TIME: 38.9
Search START
Search END
Search runtime: 39.04183077812195 seconds
Start cluster ref
Created 'Total' and 'Position Cluster' columns: 0.1253368854522705
Targets sorted: 0.01607680320739746
Start clustering
Clustering runtime: 0.1566178798675537 seconds
End cluster ref
Start extraction top1 ref
End extraction top1 ref
Start Scoring
End Scoring
Start summary by pos-guide
End summary by pos-guide
Start annotation ref
READING INPUT FILES
EXECUTING PRELIMINARY OPERATIONS
PRELIMINARY OPERATIONS COMPLETED IN: 46.65289664268494 seconds
EXECUTING ANNOTATION
Annotation: Total progress 10.0%
Annotation: Total progress 20.0%
Annotation: Total progress 30.0%
Annotation: Total progress 40.0%
Annotation: Total progress 50.0%
Annotation: Total progress 59.99%
Annotation: Total progress 69.99%
Annotation: Total progress 79.99%
Annotation: Total progress 89.99%
Annotation: Total progress 99.99%
Annotation: Total progress 100%
ANNOTATION COMPLETED IN: 3.1611204147338867 seconds
Annotation START
Annotation END
Annotation runtime: 52.904624700546265 seconds
End annotation ref
Traceback (most recent call last):
  File "/home/ubuntu/miniconda3/opt/crispritz/Python_Scripts/Plot/radar_chart.py", line 388, in <module>
    x[10], x[11], x[12], x[13], x[14], x[15], x[16], x[17], x[18], x[19], x[20]))
IndexError: list index out of range
Traceback (most recent call last):
  File "/home/ubuntu/miniconda3/opt/crispritz/Python_Scripts/Plot/radar_chart.py", line 388, in <module>
    x[10], x[11], x[12], x[13], x[14], x[15], x[16], x[17], x[18], x[19], x[20]))
IndexError: list index out of range
Traceback (most recent call last):
  File "/home/ubuntu/miniconda3/opt/crispritz/Python_Scripts/Plot/radar_chart.py", line 388, in <module>
    x[10], x[11], x[12], x[13], x[14], x[15], x[16], x[17], x[18], x[19], x[20]))
IndexError: list index out of range
Traceback (most recent call last):
  File "/home/ubuntu/miniconda3/opt/crispritz/Python_Scripts/Plot/radar_chart.py", line 388, in <module>
    x[10], x[11], x[12], x[13], x[14], x[15], x[16], x[17], x[18], x[19], x[20]))
IndexError: list index out of range
Traceback (most recent call last):
  File "/home/ubuntu/miniconda3/opt/crispritz/Python_Scripts/Plot/radar_chart.py", line 388, in <module>
    x[10], x[11], x[12], x[13], x[14], x[15], x[16], x[17], x[18], x[19], x[20]))
IndexError: list index out of range
Traceback (most recent call last):
  File "/home/ubuntu/miniconda3/opt/crispritz/Python_Scripts/Plot/radar_chart.py", line 388, in <module>
    x[10], x[11], x[12], x[13], x[14], x[15], x[16], x[17], x[18], x[19], x[20]))
IndexError: list index out of range
Traceback (most recent call last):
  File "/home/ubuntu/miniconda3/opt/crispritz/Python_Scripts/Plot/radar_chart.py", line 388, in <module>
    x[10], x[11], x[12], x[13], x[14], x[15], x[16], x[17], x[18], x[19], x[20]))
IndexError: list index out of range
Traceback (most recent call last):
  File "/home/ubuntu/miniconda3/opt/crispritz/Python_Scripts/Plot/radar_chart.py", line 388, in <module>
    x[10], x[11], x[12], x[13], x[14], x[15], x[16], x[17], x[18], x[19], x[20]))
IndexError: list index out of range
Traceback (most recent call last):
  File "/home/ubuntu/miniconda3/opt/crispritz/Python_Scripts/Plot/radar_chart.py", line 388, in <module>
    x[10], x[11], x[12], x[13], x[14], x[15], x[16], x[17], x[18], x[19], x[20]))
IndexError: list index out of range
Traceback (most recent call last):
  File "/home/ubuntu/miniconda3/opt/crispritz/Python_Scripts/Plot/radar_chart.py", line 388, in <module>
    x[10], x[11], x[12], x[13], x[14], x[15], x[16], x[17], x[18], x[19], x[20]))
IndexError: list index out of range
Traceback (most recent call last):
  File "/home/ubuntu/miniconda3/opt/crispritz/Python_Scripts/Plot/radar_chart.py", line 388, in <module>
    x[10], x[11], x[12], x[13], x[14], x[15], x[16], x[17], x[18], x[19], x[20]))
IndexError: list index out of range
Traceback (most recent call last):
  File "/home/ubuntu/miniconda3/opt/crispritz/Python_Scripts/Plot/radar_chart.py", line 388, in <module>
    x[10], x[11], x[12], x[13], x[14], x[15], x[16], x[17], x[18], x[19], x[20]))
IndexError: list index out of range
Traceback (most recent call last):
  File "/home/ubuntu/miniconda3/opt/crispritz/Python_Scripts/Plot/radar_chart.py", line 388, in <module>
    x[10], x[11], x[12], x[13], x[14], x[15], x[16], x[17], x[18], x[19], x[20]))
IndexError: list index out of range
Traceback (most recent call last):
  File "/home/ubuntu/miniconda3/opt/crispritz/Python_Scripts/Plot/radar_chart.py", line 388, in <module>
    x[10], x[11], x[12], x[13], x[14], x[15], x[16], x[17], x[18], x[19], x[20]))
IndexError: list index out of range
Traceback (most recent call last):
  File "/home/ubuntu/miniconda3/opt/crispritz/Python_Scripts/Plot/radar_chart.py", line 388, in <module>
    x[10], x[11], x[12], x[13], x[14], x[15], x[16], x[17], x[18], x[19], x[20]))
IndexError: list index out of range
Traceback (most recent call last):
  File "/home/ubuntu/miniconda3/opt/crispritz/Python_Scripts/Plot/radar_chart.py", line 388, in <module>
    x[10], x[11], x[12], x[13], x[14], x[15], x[16], x[17], x[18], x[19], x[20]))
IndexError: list index out of range
Traceback (most recent call last):
  File "/home/ubuntu/miniconda3/opt/crispritz/Python_Scripts/Plot/radar_chart.py", line 388, in <module>
    x[10], x[11], x[12], x[13], x[14], x[15], x[16], x[17], x[18], x[19], x[20]))
IndexError: list index out of range
Traceback (most recent call last):
  File "/home/ubuntu/miniconda3/opt/crispritz/Python_Scripts/Plot/radar_chart.py", line 388, in <module>
    x[10], x[11], x[12], x[13], x[14], x[15], x[16], x[17], x[18], x[19], x[20]))
IndexError: list index out of range
Traceback (most recent call last):
  File "/home/ubuntu/miniconda3/opt/crispritz/Python_Scripts/Plot/radar_chart.py", line 388, in <module>
    x[10], x[11], x[12], x[13], x[14], x[15], x[16], x[17], x[18], x[19], x[20]))
IndexError: list index out of range
Traceback (most recent call last):
  File "/home/ubuntu/miniconda3/opt/crispritz/Python_Scripts/Plot/radar_chart.py", line 388, in <module>
    x[10], x[11], x[12], x[13], x[14], x[15], x[16], x[17], x[18], x[19], x[20]))
IndexError: list index out of range
Traceback (most recent call last):
  File "/home/ubuntu/miniconda3/opt/crispritz/Python_Scripts/Plot/radar_chart.py", line 388, in <module>
    x[10], x[11], x[12], x[13], x[14], x[15], x[16], x[17], x[18], x[19], x[20]))
IndexError: list index out of range
Traceback (most recent call last):
  File "/home/ubuntu/miniconda3/opt/crispritz/Python_Scripts/Plot/radar_chart.py", line 388, in <module>
    x[10], x[11], x[12], x[13], x[14], x[15], x[16], x[17], x[18], x[19], x[20]))
IndexError: list index out of range
Traceback (most recent call last):
  File "/home/ubuntu/miniconda3/opt/crispritz/Python_Scripts/Plot/radar_chart.py", line 388, in <module>
    x[10], x[11], x[12], x[13], x[14], x[15], x[16], x[17], x[18], x[19], x[20]))
IndexError: list index out of range
Traceback (most recent call last):
  File "/home/ubuntu/miniconda3/opt/crispritz/Python_Scripts/Plot/radar_chart.py", line 388, in <module>
    x[10], x[11], x[12], x[13], x[14], x[15], x[16], x[17], x[18], x[19], x[20]))
IndexError: list index out of range
Traceback (most recent call last):
  File "/home/ubuntu/miniconda3/opt/crispritz/Python_Scripts/Plot/radar_chart.py", line 388, in <module>
    x[10], x[11], x[12], x[13], x[14], x[15], x[16], x[17], x[18], x[19], x[20]))
IndexError: list index out of range
Traceback (most recent call last):
  File "/home/ubuntu/miniconda3/opt/crispritz/Python_Scripts/Plot/radar_chart.py", line 388, in <module>
    x[10], x[11], x[12], x[13], x[14], x[15], x[16], x[17], x[18], x[19], x[20]))
IndexError: list index out of range
Traceback (most recent call last):
  File "/home/ubuntu/miniconda3/opt/crispritz/Python_Scripts/Plot/radar_chart.py", line 388, in <module>
    x[10], x[11], x[12], x[13], x[14], x[15], x[16], x[17], x[18], x[19], x[20]))
IndexError: list index out of range
Traceback (most recent call last):
  File "/home/ubuntu/miniconda3/opt/crispritz/Python_Scripts/Plot/radar_chart.py", line 388, in <module>
    x[10], x[11], x[12], x[13], x[14], x[15], x[16], x[17], x[18], x[19], x[20]))
IndexError: list index out of range
Traceback (most recent call last):
  File "/home/ubuntu/miniconda3/opt/crispritz/Python_Scripts/Plot/radar_chart.py", line 388, in <module>
    x[10], x[11], x[12], x[13], x[14], x[15], x[16], x[17], x[18], x[19], x[20]))
IndexError: list index out of range
Traceback (most recent call last):
  File "/home/ubuntu/miniconda3/opt/crispritz/Python_Scripts/Plot/radar_chart.py", line 388, in <module>
    x[10], x[11], x[12], x[13], x[14], x[15], x[16], x[17], x[18], x[19], x[20]))
IndexError: list index out of range
Traceback (most recent call last):
  File "/home/ubuntu/miniconda3/opt/crispritz/Python_Scripts/Plot/radar_chart.py", line 388, in <module>
    x[10], x[11], x[12], x[13], x[14], x[15], x[16], x[17], x[18], x[19], x[20]))
IndexError: list index out of range
Traceback (most recent call last):
  File "/home/ubuntu/miniconda3/opt/crispritz/Python_Scripts/Plot/radar_chart.py", line 388, in <module>
    x[10], x[11], x[12], x[13], x[14], x[15], x[16], x[17], x[18], x[19], x[20]))
IndexError: list index out of range
Traceback (most recent call last):
  File "/home/ubuntu/miniconda3/opt/crispritz/Python_Scripts/Plot/radar_chart.py", line 388, in <module>
    x[10], x[11], x[12], x[13], x[14], x[15], x[16], x[17], x[18], x[19], x[20]))
IndexError: list index out of range
Traceback (most recent call last):
  File "/home/ubuntu/miniconda3/opt/crispritz/Python_Scripts/Plot/radar_chart.py", line 388, in <module>
    x[10], x[11], x[12], x[13], x[14], x[15], x[16], x[17], x[18], x[19], x[20]))
IndexError: list index out of range
Traceback (most recent call last):
  File "/home/ubuntu/miniconda3/opt/crispritz/Python_Scripts/Plot/radar_chart.py", line 388, in <module>
    x[10], x[11], x[12], x[13], x[14], x[15], x[16], x[17], x[18], x[19], x[20]))
IndexError: list index out of range
Traceback (most recent call last):
  File "/home/ubuntu/miniconda3/opt/crispritz/Python_Scripts/Plot/radar_chart.py", line 388, in <module>
    x[10], x[11], x[12], x[13], x[14], x[15], x[16], x[17], x[18], x[19], x[20]))
IndexError: list index out of range
Traceback (most recent call last):
  File "/home/ubuntu/miniconda3/opt/crispritz/Python_Scripts/Plot/radar_chart.py", line 388, in <module>
    x[10], x[11], x[12], x[13], x[14], x[15], x[16], x[17], x[18], x[19], x[20]))
IndexError: list index out of range
Traceback (most recent call last):
  File "/home/ubuntu/miniconda3/opt/crispritz/Python_Scripts/Plot/radar_chart.py", line 388, in <module>
    x[10], x[11], x[12], x[13], x[14], x[15], x[16], x[17], x[18], x[19], x[20]))
IndexError: list index out of range
Traceback (most recent call last):
  File "/home/ubuntu/miniconda3/opt/crispritz/Python_Scripts/Plot/radar_chart.py", line 388, in <module>
    x[10], x[11], x[12], x[13], x[14], x[15], x[16], x[17], x[18], x[19], x[20]))
IndexError: list index out of range
Traceback (most recent call last):
  File "/home/ubuntu/miniconda3/opt/crispritz/Python_Scripts/Plot/radar_chart.py", line 388, in <module>
    x[10], x[11], x[12], x[13], x[14], x[15], x[16], x[17], x[18], x[19], x[20]))
IndexError: list index out of range
Traceback (most recent call last):
  File "/home/ubuntu/miniconda3/opt/crispritz/Python_Scripts/Plot/radar_chart.py", line 388, in <module>
    x[10], x[11], x[12], x[13], x[14], x[15], x[16], x[17], x[18], x[19], x[20]))
IndexError: list index out of range
Traceback (most recent call last):
  File "/home/ubuntu/miniconda3/opt/crispritz/Python_Scripts/Plot/radar_chart.py", line 388, in <module>
    x[10], x[11], x[12], x[13], x[14], x[15], x[16], x[17], x[18], x[19], x[20]))
IndexError: list index out of range
Traceback (most recent call last):
  File "/home/ubuntu/miniconda3/opt/crispritz/Python_Scripts/Plot/radar_chart.py", line 388, in <module>
    x[10], x[11], x[12], x[13], x[14], x[15], x[16], x[17], x[18], x[19], x[20]))
IndexError: list index out of range
Traceback (most recent call last):
  File "/home/ubuntu/miniconda3/opt/crispritz/Python_Scripts/Plot/radar_chart.py", line 388, in <module>
    x[10], x[11], x[12], x[13], x[14], x[15], x[16], x[17], x[18], x[19], x[20]))
IndexError: list index out of range
Traceback (most recent call last):
  File "/home/ubuntu/miniconda3/opt/crispritz/Python_Scripts/Plot/radar_chart.py", line 388, in <module>
    x[10], x[11], x[12], x[13], x[14], x[15], x[16], x[17], x[18], x[19], x[20]))
IndexError: list index out of range
Traceback (most recent call last):
  File "/home/ubuntu/miniconda3/opt/crispritz/Python_Scripts/Plot/radar_chart.py", line 388, in <module>
    x[10], x[11], x[12], x[13], x[14], x[15], x[16], x[17], x[18], x[19], x[20]))
IndexError: list index out of range
Traceback (most recent call last):
  File "/home/ubuntu/miniconda3/opt/crispritz/Python_Scripts/Plot/radar_chart.py", line 388, in <module>
    x[10], x[11], x[12], x[13], x[14], x[15], x[16], x[17], x[18], x[19], x[20]))
IndexError: list index out of range
Traceback (most recent call last):
  File "/home/ubuntu/miniconda3/opt/crispritz/Python_Scripts/Plot/radar_chart.py", line 388, in <module>
    x[10], x[11], x[12], x[13], x[14], x[15], x[16], x[17], x[18], x[19], x[20]))
IndexError: list index out of range
Traceback (most recent call last):
  File "/home/ubuntu/miniconda3/opt/crispritz/Python_Scripts/Plot/radar_chart.py", line 388, in <module>
    x[10], x[11], x[12], x[13], x[14], x[15], x[16], x[17], x[18], x[19], x[20]))
IndexError: list index out of range
Traceback (most recent call last):
  File "/home/ubuntu/miniconda3/opt/crispritz/Python_Scripts/Plot/radar_chart.py", line 388, in <module>
    x[10], x[11], x[12], x[13], x[14], x[15], x[16], x[17], x[18], x[19], x[20]))
IndexError: list index out of range
Traceback (most recent call last):
  File "/home/ubuntu/miniconda3/opt/crispritz/Python_Scripts/Plot/radar_chart.py", line 388, in <module>
    x[10], x[11], x[12], x[13], x[14], x[15], x[16], x[17], x[18], x[19], x[20]))
IndexError: list index out of range
Traceback (most recent call last):
  File "/home/ubuntu/miniconda3/opt/crispritz/Python_Scripts/Plot/radar_chart.py", line 388, in <module>
    x[10], x[11], x[12], x[13], x[14], x[15], x[16], x[17], x[18], x[19], x[20]))
IndexError: list index out of range
Traceback (most recent call last):
  File "/home/ubuntu/miniconda3/opt/crispritz/Python_Scripts/Plot/radar_chart.py", line 388, in <module>
    x[10], x[11], x[12], x[13], x[14], x[15], x[16], x[17], x[18], x[19], x[20]))
IndexError: list index out of range
Traceback (most recent call last):
  File "/home/ubuntu/miniconda3/opt/crispritz/Python_Scripts/Plot/radar_chart.py", line 388, in <module>
    x[10], x[11], x[12], x[13], x[14], x[15], x[16], x[17], x[18], x[19], x[20]))
IndexError: list index out of range
Traceback (most recent call last):
  File "/home/ubuntu/miniconda3/opt/crispritz/Python_Scripts/Plot/radar_chart.py", line 388, in <module>
    x[10], x[11], x[12], x[13], x[14], x[15], x[16], x[17], x[18], x[19], x[20]))
IndexError: list index out of range
Traceback (most recent call last):
  File "/home/ubuntu/miniconda3/opt/crispritz/Python_Scripts/Plot/radar_chart.py", line 388, in <module>
    x[10], x[11], x[12], x[13], x[14], x[15], x[16], x[17], x[18], x[19], x[20]))
IndexError: list index out of range
Traceback (most recent call last):
  File "/home/ubuntu/miniconda3/opt/crispritz/Python_Scripts/Plot/radar_chart.py", line 388, in <module>
    x[10], x[11], x[12], x[13], x[14], x[15], x[16], x[17], x[18], x[19], x[20]))
IndexError: list index out of range
Traceback (most recent call last):
  File "/home/ubuntu/miniconda3/opt/crispritz/Python_Scripts/Plot/radar_chart.py", line 388, in <module>
    x[10], x[11], x[12], x[13], x[14], x[15], x[16], x[17], x[18], x[19], x[20]))
IndexError: list index out of range
Traceback (most recent call last):
  File "/home/ubuntu/miniconda3/opt/crispritz/Python_Scripts/Plot/radar_chart.py", line 388, in <module>
    x[10], x[11], x[12], x[13], x[14], x[15], x[16], x[17], x[18], x[19], x[20]))
IndexError: list index out of range
Traceback (most recent call last):
  File "/home/ubuntu/miniconda3/opt/crispritz/Python_Scripts/Plot/radar_chart.py", line 388, in <module>
    x[10], x[11], x[12], x[13], x[14], x[15], x[16], x[17], x[18], x[19], x[20]))
IndexError: list index out of range
Traceback (most recent call last):
  File "/home/ubuntu/miniconda3/opt/crispritz/Python_Scripts/Plot/radar_chart.py", line 388, in <module>
    x[10], x[11], x[12], x[13], x[14], x[15], x[16], x[17], x[18], x[19], x[20]))
IndexError: list index out of range
Traceback (most recent call last):
  File "/home/ubuntu/miniconda3/opt/crispritz/Python_Scripts/Plot/radar_chart.py", line 388, in <module>
    x[10], x[11], x[12], x[13], x[14], x[15], x[16], x[17], x[18], x[19], x[20]))
IndexError: list index out of range
Traceback (most recent call last):
  File "/home/ubuntu/miniconda3/opt/crispritz/Python_Scripts/Plot/radar_chart.py", line 388, in <module>
    x[10], x[11], x[12], x[13], x[14], x[15], x[16], x[17], x[18], x[19], x[20]))
IndexError: list index out of range
Traceback (most recent call last):
  File "/home/ubuntu/miniconda3/opt/crispritz/Python_Scripts/Plot/radar_chart.py", line 388, in <module>
    x[10], x[11], x[12], x[13], x[14], x[15], x[16], x[17], x[18], x[19], x[20]))
IndexError: list index out of range
Traceback (most recent call last):
  File "/home/ubuntu/miniconda3/opt/crispritz/Python_Scripts/Plot/radar_chart.py", line 388, in <module>
    x[10], x[11], x[12], x[13], x[14], x[15], x[16], x[17], x[18], x[19], x[20]))
IndexError: list index out of range
Traceback (most recent call last):
  File "/home/ubuntu/miniconda3/opt/crispritz/Python_Scripts/Plot/radar_chart.py", line 388, in <module>
    x[10], x[11], x[12], x[13], x[14], x[15], x[16], x[17], x[18], x[19], x[20]))
IndexError: list index out of range
Traceback (most recent call last):
  File "/home/ubuntu/miniconda3/opt/crispritz/Python_Scripts/Plot/radar_chart.py", line 388, in <module>
    x[10], x[11], x[12], x[13], x[14], x[15], x[16], x[17], x[18], x[19], x[20]))
IndexError: list index out of range
Traceback (most recent call last):
  File "/home/ubuntu/miniconda3/opt/crispritz/Python_Scripts/Plot/radar_chart.py", line 388, in <module>
    x[10], x[11], x[12], x[13], x[14], x[15], x[16], x[17], x[18], x[19], x[20]))
IndexError: list index out of range
Traceback (most recent call last):
  File "/home/ubuntu/miniconda3/opt/crispritz/Python_Scripts/Plot/radar_chart.py", line 388, in <module>
    x[10], x[11], x[12], x[13], x[14], x[15], x[16], x[17], x[18], x[19], x[20]))
IndexError: list index out of range
Traceback (most recent call last):
  File "/home/ubuntu/miniconda3/opt/crispritz/Python_Scripts/Plot/radar_chart.py", line 388, in <module>
    x[10], x[11], x[12], x[13], x[14], x[15], x[16], x[17], x[18], x[19], x[20]))
IndexError: list index out of range
cp: cannot stat '*.png': No such file or directory
[2019-12-17 09:12:00 +0000] [30365] [CRITICAL] WORKER TIMEOUT (pid:30368)
[2019-12-17 09:12:39 +0000] [1246] [INFO] Booting worker with pid: 1246
USED THREADS 8
ANALYZING CHROMOSOME chr8 (Total progress: 3.7%)
ANALYZING CHROMOSOME chr4 (Total progress: 7.4%)
ANALYZING CHROMOSOME chr14 (Total progress: 11.1%)
ANALYZING CHROMOSOME chrY (Total progress: 14.8%)
ANALYZING CHROMOSOME chr7 (Total progress: 18.5%)
ANALYZING CHROMOSOME chr7 (Total progress: 22.2%)
ANALYZING CHROMOSOME chr1 (Total progress: 25.9%)
ANALYZING CHROMOSOME chr1 (Total progress: 29.6%)
ANALYZING CHROMOSOME chr6 (Total progress: 33.3%)
ANALYZING CHROMOSOME chr21 (Total progress: 37.0%)
ANALYZING CHROMOSOME chr16 (Total progress: 40.7%)
ANALYZING CHROMOSOME chr11 (Total progress: 44.4%)
ANALYZING CHROMOSOME chr2 (Total progress: 48.1%)
ANALYZING CHROMOSOME chr3 (Total progress: 51.9%)
ANALYZING CHROMOSOME chr22 (Total progress: 55.6%)
ANALYZING CHROMOSOME chr17 (Total progress: 59.3%)
ANALYZING CHROMOSOME chr20 (Total progress: 63.0%)
ANALYZING CHROMOSOME chr5 (Total progress: 66.7%)
ANALYZING CHROMOSOME chr13 (Total progress: 70.4%)
ANALYZING CHROMOSOME chr18 (Total progress: 74.1%)
ANALYZING CHROMOSOME chr9 (Total progress: 77.8%)
ANALYZING CHROMOSOME chrX (Total progress: 81.5%)
ANALYZING CHROMOSOME chr12 (Total progress: 85.2%)
ANALYZING CHROMOSOME chr15 (Total progress: 88.9%)
ANALYZING CHROMOSOME chrM (Total progress: 92.6%)
ANALYZING CHROMOSOME chr19 (Total progress: 96.3%)
ANALYZING CHROMOSOME chr10 (Total progress: 100.0%)
TOTAL TIME: 25.3
Search START
Search END
Search runtime: 25.47509241104126 seconds
USED THREADS 8
ANALYZING CHROMOSOME chr19 (Total progress: 2.0%)
ANALYZING CHROMOSOME chr20 (Total progress: 4.0%)
ANALYZING CHROMOSOME chr20 (Total progress: 6.0%)
ANALYZING CHROMOSOME chrY (Total progress: 8.0%)
ANALYZING CHROMOSOME chr7 (Total progress: 10.0%)
ANALYZING CHROMOSOME chr5 (Total progress: 12.0%)
ANALYZING CHROMOSOME chr22 (Total progress: 14.0%)
ANALYZING CHROMOSOME chr22 (Total progress: 16.0%)
ANALYZING CHROMOSOME chr22 (Total progress: 18.0%)
ANALYZING CHROMOSOME chrX (Total progress: 20.0%)
ANALYZING CHROMOSOME chr6 (Total progress: 22.0%)
ANALYZING CHROMOSOME chr8 (Total progress: 24.0%)
ANALYZING CHROMOSOME chr3 (Total progress: 26.0%)
ANALYZING CHROMOSOME chr3 (Total progress: 28.0%)
ANALYZING CHROMOSOME chr3 (Total progress: 30.0%)
ANALYZING CHROMOSOME chr3 (Total progress: 32.0%)
ANALYZING CHROMOSOME chr14 (Total progress: 34.0%)
ANALYZING CHROMOSOME chr14 (Total progress: 36.0%)
ANALYZING CHROMOSOME chr14 (Total progress: 38.0%)
ANALYZING CHROMOSOME chr16 (Total progress: 40.0%)
ANALYZING CHROMOSOME chr1 (Total progress: 42.0%)
ANALYZING CHROMOSOME chr1 (Total progress: 44.0%)
ANALYZING CHROMOSOME chr21 (Total progress: 46.0%)
ANALYZING CHROMOSOME chr21 (Total progress: 48.0%)
ANALYZING CHROMOSOME chr21 (Total progress: 50.0%)
ANALYZING CHROMOSOME chr21 (Total progress: 52.0%)
ANALYZING CHROMOSOME chr21 (Total progress: 54.0%)
ANALYZING CHROMOSOME chr21 (Total progress: 56.0%)
ANALYZING CHROMOSOME chr11 (Total progress: 58.0%)
ANALYZING CHROMOSOME chr12 (Total progress: 60.0%)
ANALYZING CHROMOSOME chr12 (Total progress: 62.0%)
ANALYZING CHROMOSOME chr2 (Total progress: 64.0%)
ANALYZING CHROMOSOME chr17 (Total progress: 66.0%)
ANALYZING CHROMOSOME chr17 (Total progress: 68.0%)
ANALYZING CHROMOSOME chr10 (Total progress: 70.0%)
ANALYZING CHROMOSOME chr10 (Total progress: 72.0%)
ANALYZING CHROMOSOME chr15 (Total progress: 74.0%)
ANALYZING CHROMOSOME chr15 (Total progress: 76.0%)
ANALYZING CHROMOSOME chr13 (Total progress: 78.0%)
ANALYZING CHROMOSOME chr13 (Total progress: 80.0%)
ANALYZING CHROMOSOME chr13 (Total progress: 82.0%)
ANALYZING CHROMOSOME chr9 (Total progress: 84.0%)
ANALYZING CHROMOSOME chrM (Total progress: 86.0%)
ANALYZING CHROMOSOME chr4 (Total progress: 88.0%)
ANALYZING CHROMOSOME chr4 (Total progress: 90.0%)
ANALYZING CHROMOSOME chr4 (Total progress: 92.0%)
ANALYZING CHROMOSOME chr4 (Total progress: 94.0%)
ANALYZING CHROMOSOME chr4 (Total progress: 96.0%)
ANALYZING CHROMOSOME chr4 (Total progress: 98.0%)
ANALYZING CHROMOSOME chr18 (Total progress: 100.0%)
TOTAL TIME: 26.7
Search START
Search END
Search runtime: 26.826841354370117 seconds
Start creation semicommon, common, unique
End creation semicommon, common, unique
Start cluster common
Created 'Total' and 'Position Cluster' columns: 0.0020189285278320312
Targets sorted: 9.322166442871094e-05
Start clustering
Clustering runtime: 0.0006906986236572266 seconds
End cluster common
Start top1 extraction common
End top1 extraction common
Start cluster semicommon
Created 'Total' and 'Position Cluster' columns: 0.0037839412689208984
Targets sorted: 0.00037980079650878906
Start clustering
Clustering runtime: 0.0022974014282226562 seconds
End cluster semicommon
Start cluster unique
Created 'Total' and 'Position Cluster' columns: 0.0018961429595947266
Targets sorted: 6.246566772460938e-05
Start clustering
Clustering runtime: 0.000579833984375 seconds
End cluster unique
Start pam analysis
End pam analysis
Start pam creation
sed: can't read tmp_seq/*_seq.txt: No such file or directory
Created bedfile: 0.00021314620971679688
Bedtools DONE: 0.0768744945526123
Done 0.0006201267242431641
End pam creation
Start cluster of total.txt
Loaded targets:  0.0035789012908935547
Targets sorted: 0.0002474784851074219
Start clustering
Clustering runtime: 0.002904176712036133 seconds
End cluster of total.txt
Start extract top1 total.txt
End extract top1 total.txt
Start Scoring
End Scoring
Start summary by guide and position
End summary by guide and position
Start sort
End sort
Start calc samples
Done  no
Load chr1 done 27.424635410308838
Done  chr1
Load chr10 done 18.012346267700195
Done  chr10
Load chr11 done 24.803008317947388
Done  chr11
Load chr12 done 21.91582179069519
Done  chr12
Load chr13 done 16.89082098007202
Done  chr13
Load chr14 done 14.596769571304321
Done  chr14
Load chr15 done 12.955366134643555
Done  chr15
Load chr16 done 13.717195510864258
Done  chr16
Load chr17 done 11.799874305725098
Done  chr17
Load chr18 done 12.362368106842041
Done  chr18
Load chr19 done 9.826801538467407
Done  chr19
Load chr2 done 37.398988008499146
Done  chr2
Load chr20 done 10.503189325332642
Done  chr20
Load chr21 done 5.658193826675415
Done  chr21
Load chr22 done 5.451077699661255
Done  chr22
Load chr3 done 33.5454044342041
Done  chr3
Load chr4 done 35.76607799530029
Done  chr4
Load chr5 done 28.937350273132324
Done  chr5
Load chr6 done 30.89975070953369
Done  chr6
Load chr7 done 28.01074719429016
Done  chr7
Load chr8 done 25.62007188796997
Done  chr8
Load chr9 done 19.593557596206665
Done  chr9
Load chrX done 1.130673885345459
Done
0
End calc samples
Start summary by samples
End summary by samples
Start creating final file
End creating final file
Start Annotation
READING INPUT FILES
EXECUTING PRELIMINARY OPERATIONS
PRELIMINARY OPERATIONS COMPLETED IN: 49.24483871459961 seconds
EXECUTING ANNOTATION
Annotation: Total progress 9.96%
Annotation: Total progress 19.91%
Annotation: Total progress 29.87%
Annotation: Total progress 39.83%
Annotation: Total progress 49.78%
Annotation: Total progress 59.74%
Annotation: Total progress 69.7%
Annotation: Total progress 79.65%
Annotation: Total progress 89.61%
Annotation: Total progress 99.57%
Annotation: Total progress 100%
ANNOTATION COMPLETED IN: 0.3303046226501465 seconds
Annotation START
Annotation END
Annotation runtime: 54.445470094680786 seconds
End Annotation
USED THREADS 1
ANALYZING CHROMOSOME chrM (Total progress: 1.3%)
ANALYZING CHROMOSOME chr8 (Total progress: 2.7%)
ANALYZING CHROMOSOME chr3 (Total progress: 4.0%)
ANALYZING CHROMOSOME chr2 (Total progress: 5.3%)
ANALYZING CHROMOSOME chr16 (Total progress: 6.7%)
ANALYZING CHROMOSOME chr22 (Total progress: 8.0%)
ANALYZING CHROMOSOME chr17 (Total progress: 9.3%)
ANALYZING CHROMOSOME chr1 (Total progress: 10.7%)
ANALYZING CHROMOSOME chr7 (Total progress: 12.0%)
ANALYZING CHROMOSOME chr6 (Total progress: 13.3%)
ANALYZING CHROMOSOME chrY (Total progress: 14.7%)
ANALYZING CHROMOSOME chr4 (Total progress: 16.0%)
ANALYZING CHROMOSOME chr20 (Total progress: 17.3%)
ANALYZING CHROMOSOME chr18 (Total progress: 18.7%)
ANALYZING CHROMOSOME chr5 (Total progress: 20.0%)
ANALYZING CHROMOSOME chr9 (Total progress: 21.3%)
ANALYZING CHROMOSOME chr19 (Total progress: 22.7%)
ANALYZING CHROMOSOME chr12 (Total progress: 24.0%)
ANALYZING CHROMOSOME chr21 (Total progress: 25.3%)
ANALYZING CHROMOSOME chrX (Total progress: 26.7%)
ANALYZING CHROMOSOME chr13 (Total progress: 28.0%)
ANALYZING CHROMOSOME chrX (Total progress: 29.3%)
ANALYZING CHROMOSOME chr15 (Total progress: 30.7%)
ANALYZING CHROMOSOME chrX (Total progress: 32.0%)
ANALYZING CHROMOSOME chr7 (Total progress: 33.3%)
ANALYZING CHROMOSOME chr1 (Total progress: 34.7%)
ANALYZING CHROMOSOME chr1 (Total progress: 36.0%)
ANALYZING CHROMOSOME chr1 (Total progress: 37.3%)
ANALYZING CHROMOSOME chr14 (Total progress: 38.7%)
ANALYZING CHROMOSOME chr17 (Total progress: 40.0%)
ANALYZING CHROMOSOME chr19 (Total progress: 41.3%)
ANALYZING CHROMOSOME chr10 (Total progress: 42.7%)
ANALYZING CHROMOSOME chr1 (Total progress: 44.0%)
ANALYZING CHROMOSOME chr1 (Total progress: 45.3%)
ANALYZING CHROMOSOME chr2 (Total progress: 46.7%)
ANALYZING CHROMOSOME chr5 (Total progress: 48.0%)
ANALYZING CHROMOSOME chr3 (Total progress: 49.3%)
ANALYZING CHROMOSOME chr6 (Total progress: 50.7%)
ANALYZING CHROMOSOME chr17 (Total progress: 52.0%)
ANALYZING CHROMOSOME chr9 (Total progress: 53.3%)
ANALYZING CHROMOSOME chr2 (Total progress: 54.7%)
ANALYZING CHROMOSOME chr4 (Total progress: 56.0%)
ANALYZING CHROMOSOME chr2 (Total progress: 57.3%)
ANALYZING CHROMOSOME chr12 (Total progress: 58.7%)
ANALYZING CHROMOSOME chr7 (Total progress: 60.0%)
ANALYZING CHROMOSOME chr10 (Total progress: 61.3%)
ANALYZING CHROMOSOME chr16 (Total progress: 62.7%)
ANALYZING CHROMOSOME chr9 (Total progress: 64.0%)
ANALYZING CHROMOSOME chr8 (Total progress: 65.3%)
ANALYZING CHROMOSOME chr11 (Total progress: 66.7%)
ANALYZING CHROMOSOME chr2 (Total progress: 68.0%)
ANALYZING CHROMOSOME chr15 (Total progress: 69.3%)
ANALYZING CHROMOSOME chr5 (Total progress: 70.7%)
ANALYZING CHROMOSOME chr4 (Total progress: 72.0%)
ANALYZING CHROMOSOME chr16 (Total progress: 73.3%)
ANALYZING CHROMOSOME chr3 (Total progress: 74.7%)
ANALYZING CHROMOSOME chr12 (Total progress: 76.0%)
ANALYZING CHROMOSOME chr7 (Total progress: 77.3%)
ANALYZING CHROMOSOME chr6 (Total progress: 78.7%)
ANALYZING CHROMOSOME chr3 (Total progress: 80.0%)
ANALYZING CHROMOSOME chr2 (Total progress: 81.3%)
ANALYZING CHROMOSOME chr5 (Total progress: 82.7%)
ANALYZING CHROMOSOME chr22 (Total progress: 84.0%)
ANALYZING CHROMOSOME chr4 (Total progress: 85.3%)
ANALYZING CHROMOSOME chr3 (Total progress: 86.7%)
ANALYZING CHROMOSOME chr10 (Total progress: 88.0%)
ANALYZING CHROMOSOME chr18 (Total progress: 89.3%)
ANALYZING CHROMOSOME chr11 (Total progress: 90.7%)
ANALYZING CHROMOSOME chr11 (Total progress: 92.0%)
ANALYZING CHROMOSOME chr14 (Total progress: 93.3%)
ANALYZING CHROMOSOME chr8 (Total progress: 94.7%)
ANALYZING CHROMOSOME chr6 (Total progress: 96.0%)
ANALYZING CHROMOSOME chr20 (Total progress: 97.3%)
ANALYZING CHROMOSOME chr13 (Total progress: 98.7%)
ANALYZING CHROMOSOME chr8 (Total progress: 100.0%)
-----------------------
TOTAL TIME:	307.8
Search START
Search END
Search runtime: 308.2204623222351 seconds
USED THREADS 1
Search START
Search END
Search runtime: 118.50783061981201 seconds
Start creation semicommon, common, unique
End creation semicommon, common, unique
Start cluster common
Created 'Total' and 'Position Cluster' columns: 0.012094497680664062
Targets sorted: 0.0016293525695800781
Start clustering
Clustering runtime: 0.008639335632324219 seconds
End cluster common
Start top1 extraction common
End top1 extraction common
Start cluster semicommon
Created 'Total' and 'Position Cluster' columns: 0.17140841484069824
Targets sorted: 0.03499412536621094
Start clustering
Clustering runtime: 0.15504121780395508 seconds
End cluster semicommon
Start cluster unique
Created 'Total' and 'Position Cluster' columns: 0.0015337467193603516
Targets sorted: 5.054473876953125e-05
Start clustering
Clustering runtime: 0.0003814697265625 seconds
End cluster unique
Start pam analysis
End pam analysis
Start pam creation
Created bedfile: 0.00019669532775878906
Bedtools DONE: 0.39058732986450195
Done 0.0006735324859619141
End pam creation
Start cluster of total.txt
Loaded targets:  0.13604259490966797
Targets sorted: 0.015663623809814453
Start clustering
Clustering runtime: 0.15130281448364258 seconds
End cluster of total.txt
Start extract top1 total.txt
End extract top1 total.txt
Start Scoring
End Scoring
Start summary by guide and position
End summary by guide and position
Start sort
End sort
Start calc samples
[2019-12-17 09:50:29 +0000] [1246] [INFO] Worker exiting (pid: 1246)
2
10
10
[2019-12-17 09:50:57 +0000] [30365] [CRITICAL] WORKER TIMEOUT (pid:1246)
[2019-12-17 09:50:58 +0000] [2071] [INFO] Booting worker with pid: 2071
[2019-12-17 09:51:39 +0000] [30365] [INFO] Handling signal: term
[2019-12-17 09:51:39 +0000] [2071] [INFO] Worker exiting (pid: 2071)
10
[2019-12-17 09:51:39 +0000] [30365] [INFO] Shutting down: Master
Terminated
End calc samples
Start summary by samples
End summary by samples
Start creating final file
End creating final file
Start Annotation
Terminated
End Annotation
Traceback (most recent call last):
  File "/home/ubuntu/miniconda3/opt/crispritz/Python_Scripts/Plot/radar_chart.py", line 97, in <module>
    with open(annotation_ref, 'r') as ann_ref:
FileNotFoundError: [Errno 2] No such file or directory: '/attachedvolume/CrispritzWebApp/Results/82ZYBP3P1C/82ZYBP3P1C.sumref.Annotation.summary.txt'
Traceback (most recent call last):
  File "/home/ubuntu/miniconda3/opt/crispritz/Python_Scripts/Plot/radar_chart.py", line 97, in <module>
    with open(annotation_ref, 'r') as ann_ref:
FileNotFoundError: [Errno 2] No such file or directory: '/attachedvolume/CrispritzWebApp/Results/82ZYBP3P1C/82ZYBP3P1C.sumref.Annotation.summary.txt'
Traceback (most recent call last):
  File "/home/ubuntu/miniconda3/opt/crispritz/Python_Scripts/Plot/radar_chart.py", line 97, in <module>
    with open(annotation_ref, 'r') as ann_ref:
FileNotFoundError: [Errno 2] No such file or directory: '/attachedvolume/CrispritzWebApp/Results/82ZYBP3P1C/82ZYBP3P1C.sumref.Annotation.summary.txt'
Traceback (most recent call last):
  File "/home/ubuntu/miniconda3/opt/crispritz/Python_Scripts/Plot/radar_chart.py", line 97, in <module>
    with open(annotation_ref, 'r') as ann_ref:
FileNotFoundError: [Errno 2] No such file or directory: '/attachedvolume/CrispritzWebApp/Results/82ZYBP3P1C/82ZYBP3P1C.sumref.Annotation.summary.txt'
Traceback (most recent call last):
  File "/home/ubuntu/miniconda3/opt/crispritz/Python_Scripts/Plot/radar_chart.py", line 97, in <module>
    with open(annotation_ref, 'r') as ann_ref:
FileNotFoundError: [Errno 2] No such file or directory: '/attachedvolume/CrispritzWebApp/Results/82ZYBP3P1C/82ZYBP3P1C.sumref.Annotation.summary.txt'
Traceback (most recent call last):
  File "/home/ubuntu/miniconda3/opt/crispritz/Python_Scripts/Plot/radar_chart.py", line 97, in <module>
    with open(annotation_ref, 'r') as ann_ref:
FileNotFoundError: [Errno 2] No such file or directory: '/attachedvolume/CrispritzWebApp/Results/82ZYBP3P1C/82ZYBP3P1C.sumref.Annotation.summary.txt'
Traceback (most recent call last):
  File "/home/ubuntu/miniconda3/opt/crispritz/Python_Scripts/Plot/radar_chart.py", line 97, in <module>
    with open(annotation_ref, 'r') as ann_ref:
FileNotFoundError: [Errno 2] No such file or directory: '/attachedvolume/CrispritzWebApp/Results/82ZYBP3P1C/82ZYBP3P1C.sumref.Annotation.summary.txt'
Traceback (most recent call last):
  File "/home/ubuntu/miniconda3/opt/crispritz/Python_Scripts/Plot/radar_chart.py", line 97, in <module>
    with open(annotation_ref, 'r') as ann_ref:
FileNotFoundError: [Errno 2] No such file or directory: '/attachedvolume/CrispritzWebApp/Results/82ZYBP3P1C/82ZYBP3P1C.sumref.Annotation.summary.txt'
Traceback (most recent call last):
  File "/home/ubuntu/miniconda3/opt/crispritz/Python_Scripts/Plot/radar_chart.py", line 97, in <module>
    with open(annotation_ref, 'r') as ann_ref:
FileNotFoundError: [Errno 2] No such file or directory: '/attachedvolume/CrispritzWebApp/Results/82ZYBP3P1C/82ZYBP3P1C.sumref.Annotation.summary.txt'
Traceback (most recent call last):
  File "/home/ubuntu/miniconda3/opt/crispritz/Python_Scripts/Plot/radar_chart.py", line 97, in <module>
    with open(annotation_ref, 'r') as ann_ref:
FileNotFoundError: [Errno 2] No such file or directory: '/attachedvolume/CrispritzWebApp/Results/82ZYBP3P1C/82ZYBP3P1C.sumref.Annotation.summary.txt'
cp: cannot stat '*.png': No such file or directory
READING INPUT FILES
EXECUTING PRELIMINARY OPERATIONS
PRELIMINARY OPERATIONS COMPLETED IN: 45.82145380973816 seconds
EXECUTING ANNOTATION
Annotation: Total progress 9.99%
Annotation: Total progress 19.97%
Annotation: Total progress 29.96%
Annotation: Total progress 39.95%
Annotation: Total progress 49.93%
Annotation: Total progress 59.92%
Annotation: Total progress 69.91%
Annotation: Total progress 79.89%
Annotation: Total progress 89.88%
Annotation: Total progress 99.87%
Annotation: Total progress 100%
ANNOTATION COMPLETED IN: 2.1211445331573486 seconds
